<?xml version="1.0" encoding="UTF-8"?>
<testsuite name="com.auraai.ui.recommendation.RecommendationViewModelTest" tests="1" skipped="0" failures="0" errors="0" timestamp="2026-07-26T07:26:16" hostname="LAPTOP-KV188SF6" time="0.073">
  <properties/>
  <testcase name="loadRecommendations_success_updatesRecommendationsState" classname="com.auraai.ui.recommendation.RecommendationViewModelTest" time="0.073"/>
  <system-out><![CDATA[]]></system-out>
  <system-err><![CDATA[]]></system-err>
</testsuite>
