<?xml version="1.0" encoding="UTF-8"?>
<testsuite name="com.auraai.ui.notifications.NotificationsViewModelTest" tests="2" skipped="0" failures="0" errors="0" timestamp="2026-07-26T07:26:16" hostname="LAPTOP-KV188SF6" time="0.199">
  <properties/>
  <testcase name="triggerTestNotification_success_reloadsHistory" classname="com.auraai.ui.notifications.NotificationsViewModelTest" time="0.17"/>
  <testcase name="loadNotifications_success_updatesNotificationList" classname="com.auraai.ui.notifications.NotificationsViewModelTest" time="0.029"/>
  <system-out><![CDATA[]]></system-out>
  <system-err><![CDATA[]]></system-err>
</testsuite>
