<?xml version="1.0" encoding="UTF-8"?>
<testsuite name="com.auraai.ui.music.MusicViewModelTest" tests="2" skipped="0" failures="0" errors="0" timestamp="2026-07-26T07:26:15" hostname="LAPTOP-KV188SF6" time="1.119">
  <properties/>
  <testcase name="loadAllMusic_success_populatesSongsAndFavorites" classname="com.auraai.ui.music.MusicViewModelTest" time="1.096"/>
  <testcase name="toggleFavorite_success_callsUseCase" classname="com.auraai.ui.music.MusicViewModelTest" time="0.023"/>
  <system-out><![CDATA[]]></system-out>
  <system-err><![CDATA[]]></system-err>
</testsuite>
